17:57:02.746 INFO - Selenium build info: version: '3.8.1', revision: '6e95a6684b'
17:57:02.747 INFO - Launching a standalone Selenium Server
2018-01-18 17:57:02.937:INFO::main: Logging initialized @1063ms to org.seleniumhq.jetty9.util.log.StdErrLog
17:57:02.984 INFO - Using `new FirefoxOptions()` is preferred to `DesiredCapabilities.firefox()`
17:57:03.000 INFO - Using `new ChromeOptions()` is preferred to `DesiredCapabilities.chrome()`
17:57:03.019 INFO - Using `new EdgeOptions()` is preferred to `DesiredCapabilities.edge()`
17:57:03.021 INFO - Driver class not found: com.opera.core.systems.OperaDriver
17:57:03.021 INFO - Using `new OperaOptions()` is preferred to `DesiredCapabilities.operaBlink()`
17:57:03.023 INFO - Using `new SafariOptions()` is preferred to `DesiredCapabilities.safari()`
17:57:03.025 INFO - Driver class not found: org.openqa.selenium.phantomjs.PhantomJSDriver
17:57:03.070 INFO - Driver provider class org.openqa.selenium.safari.SafariDriver registration is skipped:
 registration capabilities Capabilities {browserName: safari, platform: MAC, version: } does not match the current platform WIN10
17:57:03.126 INFO - Using `new ChromeOptions()` is preferred to `DesiredCapabilities.chrome()`
17:57:03.127 INFO - Using `new EdgeOptions()` is preferred to `DesiredCapabilities.edge()`
17:57:03.127 INFO - Using `new FirefoxOptions()` is preferred to `DesiredCapabilities.firefox()`
17:57:03.127 INFO - Using `new OperaOptions()` is preferred to `DesiredCapabilities.operaBlink()`
17:57:03.127 INFO - Using `new SafariOptions()` is preferred to `DesiredCapabilities.safari()`
17:57:03.138 INFO - Using the passthrough mode handler
2018-01-18 17:57:03.155:INFO:osjs.Server:main: jetty-9.4.7.v20170914
2018-01-18 17:57:03.196:WARN:osjs.SecurityHandler:main: ServletContext@o.s.j.s.ServletContextHandler@5524cca1{/,null,STARTING} has uncovered http methods for path: /
2018-01-18 17:57:03.202:INFO:osjsh.ContextHandler:main: Started o.s.j.s.ServletContextHandler@5524cca1{/,null,AVAILABLE}
2018-01-18 17:57:03.344:INFO:osjs.AbstractConnector:main: Started ServerConnector@17503f6b{HTTP/1.1,[http/1.1]}{0.0.0.0:4445}
2018-01-18 17:57:03.344:INFO:osjs.Server:main: Started @1466ms
17:57:03.344 INFO - Selenium Server is up and running
2018-01-18 17:57:04.500:INFO:osjshC.ROOT:qtp1712943792-16: org.openqa.selenium.remote.server.WebDriverServlet-71a8adcf: Initialising WebDriverServlet
17:57:04.546 INFO - Found handler: org.openqa.selenium.remote.server.commandhandler.BeginSession@3bd5b82d
17:57:04.546 INFO - /session: Executing POST on /session (handler: BeginSession)
17:57:04.625 INFO - Capabilities are: Capabilities {acceptSslCerts: true, browserName: chrome, javascriptEnabled: true, name: Test}
17:57:04.625 INFO - Capabilities {acceptSslCerts: true, browserName: chrome, javascriptEnabled: true, name: Test} matched class org.openqa.selenium.remote.server.ServicedSession$Factory (provider: org.openqa.selenium.chrome.ChromeDriverService)
Starting ChromeDriver 2.33.506120 (e3e53437346286c0bc2d2dc9aa4915ba81d9023f) on port 38500
Only local connections are allowed.
17:57:09.339 INFO - Detected dialect: OSS
17:57:09.724 INFO - Found handler: org.openqa.selenium.remote.server.ServicedSession@119397cf
17:57:09.724 INFO - Handler thread for session 4f3ac2cd15a1cf3dc7f19bc8b0980ce7 (chrome): Executing POST on /session/4f3ac2cd15a1cf3dc7f19bc8b0980ce7/url (handler: ServicedSession)
17:57:09.724 INFO - To upstream: {"url":"http://localhost:3000"}
17:57:15.493 INFO - To downstream: {"sessionId":"4f3ac2cd15a1cf3dc7f19bc8b0980ce7","status":0,"value":null}
17:57:15.501 INFO - Found handler: org.openqa.selenium.remote.server.ServicedSession@119397cf
17:57:15.502 INFO - Handler thread for session 4f3ac2cd15a1cf3dc7f19bc8b0980ce7 (chrome): Executing POST on /session/4f3ac2cd15a1cf3dc7f19bc8b0980ce7/element (handler: ServicedSession)
17:57:15.505 INFO - To upstream: {"using":"css selector","value":"input[name=\"hdrInput\"]"}
17:57:15.544 INFO - To downstream: {"sessionId":"4f3ac2cd15a1cf3dc7f19bc8b0980ce7","status":7,"value":{"message":"no such element: Unable to locate element: {\"method\":\"css selector\",\"selector\":\"input[name=\"hdrInput\"]\"}\n  (Session info: chrome=63.0.3239.132)\n  (Driver info: chromedriver=2.33.506120 (e3e53437346286c0bc2d2dc9aa4915ba81d9023f),platform=Windows NT 10.0.15063 x86_64)"}}
17:57:15.565 INFO - Found handler: org.openqa.selenium.remote.server.ServicedSession@119397cf
17:57:15.566 INFO - Handler thread for session 4f3ac2cd15a1cf3dc7f19bc8b0980ce7 (chrome): Executing POST on /session/4f3ac2cd15a1cf3dc7f19bc8b0980ce7/element (handler: ServicedSession)
17:57:15.568 INFO - To upstream: {"using":"css selector","value":"input[name=\"hdrInput\"]"}
17:57:15.580 INFO - To downstream: {"sessionId":"4f3ac2cd15a1cf3dc7f19bc8b0980ce7","status":7,"value":{"message":"no such element: Unable to locate element: {\"method\":\"css selector\",\"selector\":\"input[name=\"hdrInput\"]\"}\n  (Session info: chrome=63.0.3239.132)\n  (Driver info: chromedriver=2.33.506120 (e3e53437346286c0bc2d2dc9aa4915ba81d9023f),platform=Windows NT 10.0.15063 x86_64)"}}
17:57:15.588 INFO - Found handler: org.openqa.selenium.remote.server.ServicedSession@119397cf
17:57:15.588 INFO - Handler thread for session 4f3ac2cd15a1cf3dc7f19bc8b0980ce7 (chrome): Executing POST on /session/4f3ac2cd15a1cf3dc7f19bc8b0980ce7/element (handler: ServicedSession)
17:57:15.590 INFO - To upstream: {"using":"css selector","value":"input[name=\"hdrInput\"]"}
17:57:15.614 INFO - To downstream: {"sessionId":"4f3ac2cd15a1cf3dc7f19bc8b0980ce7","status":7,"value":{"message":"no such element: Unable to locate element: {\"method\":\"css selector\",\"selector\":\"input[name=\"hdrInput\"]\"}\n  (Session info: chrome=63.0.3239.132)\n  (Driver info: chromedriver=2.33.506120 (e3e53437346286c0bc2d2dc9aa4915ba81d9023f),platform=Windows NT 10.0.15063 x86_64)"}}
17:57:15.627 INFO - Found handler: org.openqa.selenium.remote.server.ServicedSession@119397cf
17:57:15.627 INFO - Handler thread for session 4f3ac2cd15a1cf3dc7f19bc8b0980ce7 (chrome): Executing POST on /session/4f3ac2cd15a1cf3dc7f19bc8b0980ce7/element (handler: ServicedSession)
17:57:15.630 INFO - To upstream: {"using":"css selector","value":"input[name=\"mkeInput\"]"}
17:57:15.662 INFO - To downstream: {"sessionId":"4f3ac2cd15a1cf3dc7f19bc8b0980ce7","status":7,"value":{"message":"no such element: Unable to locate element: {\"method\":\"css selector\",\"selector\":\"input[name=\"mkeInput\"]\"}\n  (Session info: chrome=63.0.3239.132)\n  (Driver info: chromedriver=2.33.506120 (e3e53437346286c0bc2d2dc9aa4915ba81d9023f),platform=Windows NT 10.0.15063 x86_64)"}}
17:57:15.678 INFO - Found handler: org.openqa.selenium.remote.server.ServicedSession@119397cf
17:57:15.678 INFO - Handler thread for session 4f3ac2cd15a1cf3dc7f19bc8b0980ce7 (chrome): Executing POST on /session/4f3ac2cd15a1cf3dc7f19bc8b0980ce7/element (handler: ServicedSession)
17:57:15.680 INFO - To upstream: {"using":"css selector","value":"input[name=\"mkeInput\"]"}
17:57:15.697 INFO - To downstream: {"sessionId":"4f3ac2cd15a1cf3dc7f19bc8b0980ce7","status":7,"value":{"message":"no such element: Unable to locate element: {\"method\":\"css selector\",\"selector\":\"input[name=\"mkeInput\"]\"}\n  (Session info: chrome=63.0.3239.132)\n  (Driver info: chromedriver=2.33.506120 (e3e53437346286c0bc2d2dc9aa4915ba81d9023f),platform=Windows NT 10.0.15063 x86_64)"}}
17:57:15.708 INFO - Found handler: org.openqa.selenium.remote.server.ServicedSession@119397cf
17:57:15.708 INFO - Handler thread for session 4f3ac2cd15a1cf3dc7f19bc8b0980ce7 (chrome): Executing POST on /session/4f3ac2cd15a1cf3dc7f19bc8b0980ce7/element (handler: ServicedSession)
17:57:15.710 INFO - To upstream: {"using":"css selector","value":"input[name=\"mkeInput\"]"}
17:57:15.732 INFO - To downstream: {"sessionId":"4f3ac2cd15a1cf3dc7f19bc8b0980ce7","status":7,"value":{"message":"no such element: Unable to locate element: {\"method\":\"css selector\",\"selector\":\"input[name=\"mkeInput\"]\"}\n  (Session info: chrome=63.0.3239.132)\n  (Driver info: chromedriver=2.33.506120 (e3e53437346286c0bc2d2dc9aa4915ba81d9023f),platform=Windows NT 10.0.15063 x86_64)"}}
17:57:15.741 INFO - Found handler: org.openqa.selenium.remote.server.ServicedSession@119397cf
17:57:15.741 INFO - Handler thread for session 4f3ac2cd15a1cf3dc7f19bc8b0980ce7 (chrome): Executing POST on /session/4f3ac2cd15a1cf3dc7f19bc8b0980ce7/element (handler: ServicedSession)
17:57:15.743 INFO - To upstream: {"using":"css selector","value":"input[name=\"oriInput\"]"}
17:57:15.783 INFO - To downstream: {"sessionId":"4f3ac2cd15a1cf3dc7f19bc8b0980ce7","status":7,"value":{"message":"no such element: Unable to locate element: {\"method\":\"css selector\",\"selector\":\"input[name=\"oriInput\"]\"}\n  (Session info: chrome=63.0.3239.132)\n  (Driver info: chromedriver=2.33.506120 (e3e53437346286c0bc2d2dc9aa4915ba81d9023f),platform=Windows NT 10.0.15063 x86_64)"}}
17:57:15.792 INFO - Found handler: org.openqa.selenium.remote.server.ServicedSession@119397cf
17:57:15.792 INFO - Handler thread for session 4f3ac2cd15a1cf3dc7f19bc8b0980ce7 (chrome): Executing POST on /session/4f3ac2cd15a1cf3dc7f19bc8b0980ce7/element (handler: ServicedSession)
17:57:15.795 INFO - To upstream: {"using":"css selector","value":"input[name=\"oriInput\"]"}
17:57:15.804 INFO - To downstream: {"sessionId":"4f3ac2cd15a1cf3dc7f19bc8b0980ce7","status":7,"value":{"message":"no such element: Unable to locate element: {\"method\":\"css selector\",\"selector\":\"input[name=\"oriInput\"]\"}\n  (Session info: chrome=63.0.3239.132)\n  (Driver info: chromedriver=2.33.506120 (e3e53437346286c0bc2d2dc9aa4915ba81d9023f),platform=Windows NT 10.0.15063 x86_64)"}}
17:57:15.811 INFO - Found handler: org.openqa.selenium.remote.server.ServicedSession@119397cf
17:57:15.812 INFO - Handler thread for session 4f3ac2cd15a1cf3dc7f19bc8b0980ce7 (chrome): Executing POST on /session/4f3ac2cd15a1cf3dc7f19bc8b0980ce7/element (handler: ServicedSession)
17:57:15.814 INFO - To upstream: {"using":"css selector","value":"input[name=\"oriInput\"]"}
17:57:15.833 INFO - To downstream: {"sessionId":"4f3ac2cd15a1cf3dc7f19bc8b0980ce7","status":7,"value":{"message":"no such element: Unable to locate element: {\"method\":\"css selector\",\"selector\":\"input[name=\"oriInput\"]\"}\n  (Session info: chrome=63.0.3239.132)\n  (Driver info: chromedriver=2.33.506120 (e3e53437346286c0bc2d2dc9aa4915ba81d9023f),platform=Windows NT 10.0.15063 x86_64)"}}
17:57:15.843 INFO - Found handler: org.openqa.selenium.remote.server.ServicedSession@119397cf
17:57:15.843 INFO - Handler thread for session 4f3ac2cd15a1cf3dc7f19bc8b0980ce7 (chrome): Executing POST on /session/4f3ac2cd15a1cf3dc7f19bc8b0980ce7/element (handler: ServicedSession)
17:57:15.845 INFO - To upstream: {"using":"css selector","value":"input[name=\"namInput\"]"}
17:57:15.870 INFO - To downstream: {"sessionId":"4f3ac2cd15a1cf3dc7f19bc8b0980ce7","status":7,"value":{"message":"no such element: Unable to locate element: {\"method\":\"css selector\",\"selector\":\"input[name=\"namInput\"]\"}\n  (Session info: chrome=63.0.3239.132)\n  (Driver info: chromedriver=2.33.506120 (e3e53437346286c0bc2d2dc9aa4915ba81d9023f),platform=Windows NT 10.0.15063 x86_64)"}}
17:57:15.877 INFO - Found handler: org.openqa.selenium.remote.server.ServicedSession@119397cf
17:57:15.877 INFO - Handler thread for session 4f3ac2cd15a1cf3dc7f19bc8b0980ce7 (chrome): Executing POST on /session/4f3ac2cd15a1cf3dc7f19bc8b0980ce7/element (handler: ServicedSession)
17:57:15.879 INFO - To upstream: {"using":"css selector","value":"input[name=\"namInput\"]"}
17:57:15.890 INFO - To downstream: {"sessionId":"4f3ac2cd15a1cf3dc7f19bc8b0980ce7","status":7,"value":{"message":"no such element: Unable to locate element: {\"method\":\"css selector\",\"selector\":\"input[name=\"namInput\"]\"}\n  (Session info: chrome=63.0.3239.132)\n  (Driver info: chromedriver=2.33.506120 (e3e53437346286c0bc2d2dc9aa4915ba81d9023f),platform=Windows NT 10.0.15063 x86_64)"}}
17:57:15.896 INFO - Found handler: org.openqa.selenium.remote.server.ServicedSession@119397cf
17:57:15.896 INFO - Handler thread for session 4f3ac2cd15a1cf3dc7f19bc8b0980ce7 (chrome): Executing POST on /session/4f3ac2cd15a1cf3dc7f19bc8b0980ce7/element (handler: ServicedSession)
17:57:15.898 INFO - To upstream: {"using":"css selector","value":"input[name=\"namInput\"]"}
17:57:15.916 INFO - To downstream: {"sessionId":"4f3ac2cd15a1cf3dc7f19bc8b0980ce7","status":7,"value":{"message":"no such element: Unable to locate element: {\"method\":\"css selector\",\"selector\":\"input[name=\"namInput\"]\"}\n  (Session info: chrome=63.0.3239.132)\n  (Driver info: chromedriver=2.33.506120 (e3e53437346286c0bc2d2dc9aa4915ba81d9023f),platform=Windows NT 10.0.15063 x86_64)"}}
17:57:15.928 INFO - Found handler: org.openqa.selenium.remote.server.ServicedSession@119397cf
17:57:15.929 INFO - Handler thread for session 4f3ac2cd15a1cf3dc7f19bc8b0980ce7 (chrome): Executing POST on /session/4f3ac2cd15a1cf3dc7f19bc8b0980ce7/element (handler: ServicedSession)
17:57:15.931 INFO - To upstream: {"using":"css selector","value":"input[name=\"sexInput\"]"}
17:57:15.952 INFO - To downstream: {"sessionId":"4f3ac2cd15a1cf3dc7f19bc8b0980ce7","status":7,"value":{"message":"no such element: Unable to locate element: {\"method\":\"css selector\",\"selector\":\"input[name=\"sexInput\"]\"}\n  (Session info: chrome=63.0.3239.132)\n  (Driver info: chromedriver=2.33.506120 (e3e53437346286c0bc2d2dc9aa4915ba81d9023f),platform=Windows NT 10.0.15063 x86_64)"}}
17:57:15.957 INFO - Found handler: org.openqa.selenium.remote.server.ServicedSession@119397cf
17:57:15.958 INFO - Handler thread for session 4f3ac2cd15a1cf3dc7f19bc8b0980ce7 (chrome): Executing POST on /session/4f3ac2cd15a1cf3dc7f19bc8b0980ce7/element (handler: ServicedSession)
17:57:15.959 INFO - To upstream: {"using":"css selector","value":"input[name=\"sexInput\"]"}
17:57:15.977 INFO - To downstream: {"sessionId":"4f3ac2cd15a1cf3dc7f19bc8b0980ce7","status":7,"value":{"message":"no such element: Unable to locate element: {\"method\":\"css selector\",\"selector\":\"input[name=\"sexInput\"]\"}\n  (Session info: chrome=63.0.3239.132)\n  (Driver info: chromedriver=2.33.506120 (e3e53437346286c0bc2d2dc9aa4915ba81d9023f),platform=Windows NT 10.0.15063 x86_64)"}}
17:57:15.990 INFO - Found handler: org.openqa.selenium.remote.server.ServicedSession@119397cf
17:57:15.991 INFO - Handler thread for session 4f3ac2cd15a1cf3dc7f19bc8b0980ce7 (chrome): Executing POST on /session/4f3ac2cd15a1cf3dc7f19bc8b0980ce7/element (handler: ServicedSession)
17:57:15.993 INFO - To upstream: {"using":"css selector","value":"input[name=\"sexInput\"]"}
17:57:16.002 INFO - To downstream: {"sessionId":"4f3ac2cd15a1cf3dc7f19bc8b0980ce7","status":7,"value":{"message":"no such element: Unable to locate element: {\"method\":\"css selector\",\"selector\":\"input[name=\"sexInput\"]\"}\n  (Session info: chrome=63.0.3239.132)\n  (Driver info: chromedriver=2.33.506120 (e3e53437346286c0bc2d2dc9aa4915ba81d9023f),platform=Windows NT 10.0.15063 x86_64)"}}
17:57:16.015 INFO - Found handler: org.openqa.selenium.remote.server.ServicedSession@119397cf
17:57:16.015 INFO - Handler thread for session 4f3ac2cd15a1cf3dc7f19bc8b0980ce7 (chrome): Executing POST on /session/4f3ac2cd15a1cf3dc7f19bc8b0980ce7/element (handler: ServicedSession)
17:57:16.018 INFO - To upstream: {"using":"css selector","value":"input[name=\"racInput\"]"}
17:57:16.040 INFO - To downstream: {"sessionId":"4f3ac2cd15a1cf3dc7f19bc8b0980ce7","status":7,"value":{"message":"no such element: Unable to locate element: {\"method\":\"css selector\",\"selector\":\"input[name=\"racInput\"]\"}\n  (Session info: chrome=63.0.3239.132)\n  (Driver info: chromedriver=2.33.506120 (e3e53437346286c0bc2d2dc9aa4915ba81d9023f),platform=Windows NT 10.0.15063 x86_64)"}}
17:57:16.045 INFO - Found handler: org.openqa.selenium.remote.server.ServicedSession@119397cf
17:57:16.046 INFO - Handler thread for session 4f3ac2cd15a1cf3dc7f19bc8b0980ce7 (chrome): Executing POST on /session/4f3ac2cd15a1cf3dc7f19bc8b0980ce7/element (handler: ServicedSession)
17:57:16.048 INFO - To upstream: {"using":"css selector","value":"input[name=\"racInput\"]"}
17:57:16.062 INFO - To downstream: {"sessionId":"4f3ac2cd15a1cf3dc7f19bc8b0980ce7","status":7,"value":{"message":"no such element: Unable to locate element: {\"method\":\"css selector\",\"selector\":\"input[name=\"racInput\"]\"}\n  (Session info: chrome=63.0.3239.132)\n  (Driver info: chromedriver=2.33.506120 (e3e53437346286c0bc2d2dc9aa4915ba81d9023f),platform=Windows NT 10.0.15063 x86_64)"}}
17:57:16.067 INFO - Found handler: org.openqa.selenium.remote.server.ServicedSession@119397cf
17:57:16.068 INFO - Handler thread for session 4f3ac2cd15a1cf3dc7f19bc8b0980ce7 (chrome): Executing POST on /session/4f3ac2cd15a1cf3dc7f19bc8b0980ce7/element (handler: ServicedSession)
17:57:16.070 INFO - To upstream: {"using":"css selector","value":"input[name=\"racInput\"]"}
17:57:16.084 INFO - To downstream: {"sessionId":"4f3ac2cd15a1cf3dc7f19bc8b0980ce7","status":7,"value":{"message":"no such element: Unable to locate element: {\"method\":\"css selector\",\"selector\":\"input[name=\"racInput\"]\"}\n  (Session info: chrome=63.0.3239.132)\n  (Driver info: chromedriver=2.33.506120 (e3e53437346286c0bc2d2dc9aa4915ba81d9023f),platform=Windows NT 10.0.15063 x86_64)"}}
17:57:16.090 INFO - Found handler: org.openqa.selenium.remote.server.ServicedSession@119397cf
17:57:16.090 INFO - Handler thread for session 4f3ac2cd15a1cf3dc7f19bc8b0980ce7 (chrome): Executing POST on /session/4f3ac2cd15a1cf3dc7f19bc8b0980ce7/element (handler: ServicedSession)
17:57:16.093 INFO - To upstream: {"using":"css selector","value":"input[name=\"hgtInput\"]"}
17:57:16.118 INFO - To downstream: {"sessionId":"4f3ac2cd15a1cf3dc7f19bc8b0980ce7","status":7,"value":{"message":"no such element: Unable to locate element: {\"method\":\"css selector\",\"selector\":\"input[name=\"hgtInput\"]\"}\n  (Session info: chrome=63.0.3239.132)\n  (Driver info: chromedriver=2.33.506120 (e3e53437346286c0bc2d2dc9aa4915ba81d9023f),platform=Windows NT 10.0.15063 x86_64)"}}
17:57:16.126 INFO - Found handler: org.openqa.selenium.remote.server.ServicedSession@119397cf
17:57:16.127 INFO - Handler thread for session 4f3ac2cd15a1cf3dc7f19bc8b0980ce7 (chrome): Executing POST on /session/4f3ac2cd15a1cf3dc7f19bc8b0980ce7/element (handler: ServicedSession)
17:57:16.129 INFO - To upstream: {"using":"css selector","value":"input[name=\"hgtInput\"]"}
17:57:16.147 INFO - To downstream: {"sessionId":"4f3ac2cd15a1cf3dc7f19bc8b0980ce7","status":7,"value":{"message":"no such element: Unable to locate element: {\"method\":\"css selector\",\"selector\":\"input[name=\"hgtInput\"]\"}\n  (Session info: chrome=63.0.3239.132)\n  (Driver info: chromedriver=2.33.506120 (e3e53437346286c0bc2d2dc9aa4915ba81d9023f),platform=Windows NT 10.0.15063 x86_64)"}}
17:57:16.155 INFO - Found handler: org.openqa.selenium.remote.server.ServicedSession@119397cf
17:57:16.157 INFO - Handler thread for session 4f3ac2cd15a1cf3dc7f19bc8b0980ce7 (chrome): Executing POST on /session/4f3ac2cd15a1cf3dc7f19bc8b0980ce7/element (handler: ServicedSession)
17:57:16.159 INFO - To upstream: {"using":"css selector","value":"input[name=\"hgtInput\"]"}
17:57:16.170 INFO - To downstream: {"sessionId":"4f3ac2cd15a1cf3dc7f19bc8b0980ce7","status":7,"value":{"message":"no such element: Unable to locate element: {\"method\":\"css selector\",\"selector\":\"input[name=\"hgtInput\"]\"}\n  (Session info: chrome=63.0.3239.132)\n  (Driver info: chromedriver=2.33.506120 (e3e53437346286c0bc2d2dc9aa4915ba81d9023f),platform=Windows NT 10.0.15063 x86_64)"}}
17:57:16.177 INFO - Found handler: org.openqa.selenium.remote.server.ServicedSession@119397cf
17:57:16.177 INFO - Handler thread for session 4f3ac2cd15a1cf3dc7f19bc8b0980ce7 (chrome): Executing POST on /session/4f3ac2cd15a1cf3dc7f19bc8b0980ce7/element (handler: ServicedSession)
17:57:16.179 INFO - To upstream: {"using":"css selector","value":"input[name=\"wgtInput\"]"}
17:57:16.201 INFO - To downstream: {"sessionId":"4f3ac2cd15a1cf3dc7f19bc8b0980ce7","status":7,"value":{"message":"no such element: Unable to locate element: {\"method\":\"css selector\",\"selector\":\"input[name=\"wgtInput\"]\"}\n  (Session info: chrome=63.0.3239.132)\n  (Driver info: chromedriver=2.33.506120 (e3e53437346286c0bc2d2dc9aa4915ba81d9023f),platform=Windows NT 10.0.15063 x86_64)"}}
17:57:16.208 INFO - Found handler: org.openqa.selenium.remote.server.ServicedSession@119397cf
17:57:16.208 INFO - Handler thread for session 4f3ac2cd15a1cf3dc7f19bc8b0980ce7 (chrome): Executing POST on /session/4f3ac2cd15a1cf3dc7f19bc8b0980ce7/element (handler: ServicedSession)
17:57:16.210 INFO - To upstream: {"using":"css selector","value":"input[name=\"wgtInput\"]"}
17:57:16.229 INFO - To downstream: {"sessionId":"4f3ac2cd15a1cf3dc7f19bc8b0980ce7","status":7,"value":{"message":"no such element: Unable to locate element: {\"method\":\"css selector\",\"selector\":\"input[name=\"wgtInput\"]\"}\n  (Session info: chrome=63.0.3239.132)\n  (Driver info: chromedriver=2.33.506120 (e3e53437346286c0bc2d2dc9aa4915ba81d9023f),platform=Windows NT 10.0.15063 x86_64)"}}
17:57:16.236 INFO - Found handler: org.openqa.selenium.remote.server.ServicedSession@119397cf
17:57:16.236 INFO - Handler thread for session 4f3ac2cd15a1cf3dc7f19bc8b0980ce7 (chrome): Executing POST on /session/4f3ac2cd15a1cf3dc7f19bc8b0980ce7/element (handler: ServicedSession)
17:57:16.239 INFO - To upstream: {"using":"css selector","value":"input[name=\"wgtInput\"]"}
17:57:16.251 INFO - To downstream: {"sessionId":"4f3ac2cd15a1cf3dc7f19bc8b0980ce7","status":7,"value":{"message":"no such element: Unable to locate element: {\"method\":\"css selector\",\"selector\":\"input[name=\"wgtInput\"]\"}\n  (Session info: chrome=63.0.3239.132)\n  (Driver info: chromedriver=2.33.506120 (e3e53437346286c0bc2d2dc9aa4915ba81d9023f),platform=Windows NT 10.0.15063 x86_64)"}}
17:57:16.258 INFO - Found handler: org.openqa.selenium.remote.server.ServicedSession@119397cf
17:57:16.258 INFO - Handler thread for session 4f3ac2cd15a1cf3dc7f19bc8b0980ce7 (chrome): Executing POST on /session/4f3ac2cd15a1cf3dc7f19bc8b0980ce7/element (handler: ServicedSession)
17:57:16.260 INFO - To upstream: {"using":"css selector","value":"input[name=\"haiInput\"]"}
17:57:16.289 INFO - To downstream: {"sessionId":"4f3ac2cd15a1cf3dc7f19bc8b0980ce7","status":7,"value":{"message":"no such element: Unable to locate element: {\"method\":\"css selector\",\"selector\":\"input[name=\"haiInput\"]\"}\n  (Session info: chrome=63.0.3239.132)\n  (Driver info: chromedriver=2.33.506120 (e3e53437346286c0bc2d2dc9aa4915ba81d9023f),platform=Windows NT 10.0.15063 x86_64)"}}
17:57:16.295 INFO - Found handler: org.openqa.selenium.remote.server.ServicedSession@119397cf
17:57:16.295 INFO - Handler thread for session 4f3ac2cd15a1cf3dc7f19bc8b0980ce7 (chrome): Executing POST on /session/4f3ac2cd15a1cf3dc7f19bc8b0980ce7/element (handler: ServicedSession)
17:57:16.297 INFO - To upstream: {"using":"css selector","value":"input[name=\"haiInput\"]"}
17:57:16.309 INFO - To downstream: {"sessionId":"4f3ac2cd15a1cf3dc7f19bc8b0980ce7","status":7,"value":{"message":"no such element: Unable to locate element: {\"method\":\"css selector\",\"selector\":\"input[name=\"haiInput\"]\"}\n  (Session info: chrome=63.0.3239.132)\n  (Driver info: chromedriver=2.33.506120 (e3e53437346286c0bc2d2dc9aa4915ba81d9023f),platform=Windows NT 10.0.15063 x86_64)"}}
17:57:16.315 INFO - Found handler: org.openqa.selenium.remote.server.ServicedSession@119397cf
17:57:16.315 INFO - Handler thread for session 4f3ac2cd15a1cf3dc7f19bc8b0980ce7 (chrome): Executing POST on /session/4f3ac2cd15a1cf3dc7f19bc8b0980ce7/element (handler: ServicedSession)
17:57:16.318 INFO - To upstream: {"using":"css selector","value":"input[name=\"haiInput\"]"}
17:57:16.331 INFO - To downstream: {"sessionId":"4f3ac2cd15a1cf3dc7f19bc8b0980ce7","status":7,"value":{"message":"no such element: Unable to locate element: {\"method\":\"css selector\",\"selector\":\"input[name=\"haiInput\"]\"}\n  (Session info: chrome=63.0.3239.132)\n  (Driver info: chromedriver=2.33.506120 (e3e53437346286c0bc2d2dc9aa4915ba81d9023f),platform=Windows NT 10.0.15063 x86_64)"}}
17:57:16.340 INFO - Found handler: org.openqa.selenium.remote.server.ServicedSession@119397cf
17:57:16.341 INFO - Handler thread for session 4f3ac2cd15a1cf3dc7f19bc8b0980ce7 (chrome): Executing POST on /session/4f3ac2cd15a1cf3dc7f19bc8b0980ce7/element (handler: ServicedSession)
17:57:16.342 INFO - To upstream: {"using":"css selector","value":"input[name=\"offInput\"]"}
17:57:16.364 INFO - To downstream: {"sessionId":"4f3ac2cd15a1cf3dc7f19bc8b0980ce7","status":7,"value":{"message":"no such element: Unable to locate element: {\"method\":\"css selector\",\"selector\":\"input[name=\"offInput\"]\"}\n  (Session info: chrome=63.0.3239.132)\n  (Driver info: chromedriver=2.33.506120 (e3e53437346286c0bc2d2dc9aa4915ba81d9023f),platform=Windows NT 10.0.15063 x86_64)"}}
17:57:16.370 INFO - Found handler: org.openqa.selenium.remote.server.ServicedSession@119397cf
17:57:16.371 INFO - Handler thread for session 4f3ac2cd15a1cf3dc7f19bc8b0980ce7 (chrome): Executing POST on /session/4f3ac2cd15a1cf3dc7f19bc8b0980ce7/element (handler: ServicedSession)
17:57:16.372 INFO - To upstream: {"using":"css selector","value":"input[name=\"offInput\"]"}
17:57:16.381 INFO - To downstream: {"sessionId":"4f3ac2cd15a1cf3dc7f19bc8b0980ce7","status":7,"value":{"message":"no such element: Unable to locate element: {\"method\":\"css selector\",\"selector\":\"input[name=\"offInput\"]\"}\n  (Session info: chrome=63.0.3239.132)\n  (Driver info: chromedriver=2.33.506120 (e3e53437346286c0bc2d2dc9aa4915ba81d9023f),platform=Windows NT 10.0.15063 x86_64)"}}
17:57:16.386 INFO - Found handler: org.openqa.selenium.remote.server.ServicedSession@119397cf
17:57:16.386 INFO - Handler thread for session 4f3ac2cd15a1cf3dc7f19bc8b0980ce7 (chrome): Executing POST on /session/4f3ac2cd15a1cf3dc7f19bc8b0980ce7/element (handler: ServicedSession)
17:57:16.388 INFO - To upstream: {"using":"css selector","value":"input[name=\"offInput\"]"}
17:57:16.402 INFO - To downstream: {"sessionId":"4f3ac2cd15a1cf3dc7f19bc8b0980ce7","status":7,"value":{"message":"no such element: Unable to locate element: {\"method\":\"css selector\",\"selector\":\"input[name=\"offInput\"]\"}\n  (Session info: chrome=63.0.3239.132)\n  (Driver info: chromedriver=2.33.506120 (e3e53437346286c0bc2d2dc9aa4915ba81d9023f),platform=Windows NT 10.0.15063 x86_64)"}}
17:57:16.410 INFO - Found handler: org.openqa.selenium.remote.server.ServicedSession@119397cf
17:57:16.410 INFO - Handler thread for session 4f3ac2cd15a1cf3dc7f19bc8b0980ce7 (chrome): Executing POST on /session/4f3ac2cd15a1cf3dc7f19bc8b0980ce7/element (handler: ServicedSession)
17:57:16.412 INFO - To upstream: {"using":"css selector","value":"input[name=\"dowInput\"]"}
17:57:16.437 INFO - To downstream: {"sessionId":"4f3ac2cd15a1cf3dc7f19bc8b0980ce7","status":7,"value":{"message":"no such element: Unable to locate element: {\"method\":\"css selector\",\"selector\":\"input[name=\"dowInput\"]\"}\n  (Session info: chrome=63.0.3239.132)\n  (Driver info: chromedriver=2.33.506120 (e3e53437346286c0bc2d2dc9aa4915ba81d9023f),platform=Windows NT 10.0.15063 x86_64)"}}
17:57:16.445 INFO - Found handler: org.openqa.selenium.remote.server.ServicedSession@119397cf
17:57:16.446 INFO - Handler thread for session 4f3ac2cd15a1cf3dc7f19bc8b0980ce7 (chrome): Executing POST on /session/4f3ac2cd15a1cf3dc7f19bc8b0980ce7/element (handler: ServicedSession)
17:57:16.447 INFO - To upstream: {"using":"css selector","value":"input[name=\"dowInput\"]"}
17:57:16.459 INFO - To downstream: {"sessionId":"4f3ac2cd15a1cf3dc7f19bc8b0980ce7","status":7,"value":{"message":"no such element: Unable to locate element: {\"method\":\"css selector\",\"selector\":\"input[name=\"dowInput\"]\"}\n  (Session info: chrome=63.0.3239.132)\n  (Driver info: chromedriver=2.33.506120 (e3e53437346286c0bc2d2dc9aa4915ba81d9023f),platform=Windows NT 10.0.15063 x86_64)"}}
17:57:16.465 INFO - Found handler: org.openqa.selenium.remote.server.ServicedSession@119397cf
17:57:16.465 INFO - Handler thread for session 4f3ac2cd15a1cf3dc7f19bc8b0980ce7 (chrome): Executing POST on /session/4f3ac2cd15a1cf3dc7f19bc8b0980ce7/element (handler: ServicedSession)
17:57:16.467 INFO - To upstream: {"using":"css selector","value":"input[name=\"dowInput\"]"}
17:57:16.480 INFO - To downstream: {"sessionId":"4f3ac2cd15a1cf3dc7f19bc8b0980ce7","status":7,"value":{"message":"no such element: Unable to locate element: {\"method\":\"css selector\",\"selector\":\"input[name=\"dowInput\"]\"}\n  (Session info: chrome=63.0.3239.132)\n  (Driver info: chromedriver=2.33.506120 (e3e53437346286c0bc2d2dc9aa4915ba81d9023f),platform=Windows NT 10.0.15063 x86_64)"}}
17:57:16.491 INFO - Found handler: org.openqa.selenium.remote.server.ServicedSession@119397cf
17:57:16.491 INFO - Handler thread for session 4f3ac2cd15a1cf3dc7f19bc8b0980ce7 (chrome): Executing POST on /session/4f3ac2cd15a1cf3dc7f19bc8b0980ce7/element (handler: ServicedSession)
17:57:16.493 INFO - To upstream: {"using":"css selector","value":"input[name=\"olnInput\"]"}
17:57:16.518 INFO - To downstream: {"sessionId":"4f3ac2cd15a1cf3dc7f19bc8b0980ce7","status":7,"value":{"message":"no such element: Unable to locate element: {\"method\":\"css selector\",\"selector\":\"input[name=\"olnInput\"]\"}\n  (Session info: chrome=63.0.3239.132)\n  (Driver info: chromedriver=2.33.506120 (e3e53437346286c0bc2d2dc9aa4915ba81d9023f),platform=Windows NT 10.0.15063 x86_64)"}}
17:57:16.527 INFO - Found handler: org.openqa.selenium.remote.server.ServicedSession@119397cf
17:57:16.527 INFO - Handler thread for session 4f3ac2cd15a1cf3dc7f19bc8b0980ce7 (chrome): Executing POST on /session/4f3ac2cd15a1cf3dc7f19bc8b0980ce7/element (handler: ServicedSession)
17:57:16.530 INFO - To upstream: {"using":"css selector","value":"input[name=\"olnInput\"]"}
17:57:16.545 INFO - To downstream: {"sessionId":"4f3ac2cd15a1cf3dc7f19bc8b0980ce7","status":7,"value":{"message":"no such element: Unable to locate element: {\"method\":\"css selector\",\"selector\":\"input[name=\"olnInput\"]\"}\n  (Session info: chrome=63.0.3239.132)\n  (Driver info: chromedriver=2.33.506120 (e3e53437346286c0bc2d2dc9aa4915ba81d9023f),platform=Windows NT 10.0.15063 x86_64)"}}
17:57:16.550 INFO - Found handler: org.openqa.selenium.remote.server.ServicedSession@119397cf
17:57:16.551 INFO - Handler thread for session 4f3ac2cd15a1cf3dc7f19bc8b0980ce7 (chrome): Executing POST on /session/4f3ac2cd15a1cf3dc7f19bc8b0980ce7/element (handler: ServicedSession)
17:57:16.554 INFO - To upstream: {"using":"css selector","value":"input[name=\"olnInput\"]"}
17:57:16.571 INFO - To downstream: {"sessionId":"4f3ac2cd15a1cf3dc7f19bc8b0980ce7","status":7,"value":{"message":"no such element: Unable to locate element: {\"method\":\"css selector\",\"selector\":\"input[name=\"olnInput\"]\"}\n  (Session info: chrome=63.0.3239.132)\n  (Driver info: chromedriver=2.33.506120 (e3e53437346286c0bc2d2dc9aa4915ba81d9023f),platform=Windows NT 10.0.15063 x86_64)"}}
17:57:16.578 INFO - Found handler: org.openqa.selenium.remote.server.ServicedSession@119397cf
17:57:16.578 INFO - Handler thread for session 4f3ac2cd15a1cf3dc7f19bc8b0980ce7 (chrome): Executing POST on /session/4f3ac2cd15a1cf3dc7f19bc8b0980ce7/element (handler: ServicedSession)
17:57:16.580 INFO - To upstream: {"using":"css selector","value":"input[name=\"olsInput\"]"}
17:57:16.609 INFO - To downstream: {"sessionId":"4f3ac2cd15a1cf3dc7f19bc8b0980ce7","status":7,"value":{"message":"no such element: Unable to locate element: {\"method\":\"css selector\",\"selector\":\"input[name=\"olsInput\"]\"}\n  (Session info: chrome=63.0.3239.132)\n  (Driver info: chromedriver=2.33.506120 (e3e53437346286c0bc2d2dc9aa4915ba81d9023f),platform=Windows NT 10.0.15063 x86_64)"}}
17:57:16.615 INFO - Found handler: org.openqa.selenium.remote.server.ServicedSession@119397cf
17:57:16.616 INFO - Handler thread for session 4f3ac2cd15a1cf3dc7f19bc8b0980ce7 (chrome): Executing POST on /session/4f3ac2cd15a1cf3dc7f19bc8b0980ce7/element (handler: ServicedSession)
17:57:16.617 INFO - To upstream: {"using":"css selector","value":"input[name=\"olsInput\"]"}
17:57:16.628 INFO - To downstream: {"sessionId":"4f3ac2cd15a1cf3dc7f19bc8b0980ce7","status":7,"value":{"message":"no such element: Unable to locate element: {\"method\":\"css selector\",\"selector\":\"input[name=\"olsInput\"]\"}\n  (Session info: chrome=63.0.3239.132)\n  (Driver info: chromedriver=2.33.506120 (e3e53437346286c0bc2d2dc9aa4915ba81d9023f),platform=Windows NT 10.0.15063 x86_64)"}}
17:57:16.635 INFO - Found handler: org.openqa.selenium.remote.server.ServicedSession@119397cf
17:57:16.635 INFO - Handler thread for session 4f3ac2cd15a1cf3dc7f19bc8b0980ce7 (chrome): Executing POST on /session/4f3ac2cd15a1cf3dc7f19bc8b0980ce7/element (handler: ServicedSession)
17:57:16.638 INFO - To upstream: {"using":"css selector","value":"input[name=\"olsInput\"]"}
17:57:16.651 INFO - To downstream: {"sessionId":"4f3ac2cd15a1cf3dc7f19bc8b0980ce7","status":7,"value":{"message":"no such element: Unable to locate element: {\"method\":\"css selector\",\"selector\":\"input[name=\"olsInput\"]\"}\n  (Session info: chrome=63.0.3239.132)\n  (Driver info: chromedriver=2.33.506120 (e3e53437346286c0bc2d2dc9aa4915ba81d9023f),platform=Windows NT 10.0.15063 x86_64)"}}
17:57:16.659 INFO - Found handler: org.openqa.selenium.remote.server.ServicedSession@119397cf
17:57:16.659 INFO - Handler thread for session 4f3ac2cd15a1cf3dc7f19bc8b0980ce7 (chrome): Executing POST on /session/4f3ac2cd15a1cf3dc7f19bc8b0980ce7/element (handler: ServicedSession)
17:57:16.661 INFO - To upstream: {"using":"css selector","value":"input[name=\"olyInput\"]"}
17:57:16.681 INFO - To downstream: {"sessionId":"4f3ac2cd15a1cf3dc7f19bc8b0980ce7","status":7,"value":{"message":"no such element: Unable to locate element: {\"method\":\"css selector\",\"selector\":\"input[name=\"olyInput\"]\"}\n  (Session info: chrome=63.0.3239.132)\n  (Driver info: chromedriver=2.33.506120 (e3e53437346286c0bc2d2dc9aa4915ba81d9023f),platform=Windows NT 10.0.15063 x86_64)"}}
17:57:16.699 INFO - Found handler: org.openqa.selenium.remote.server.ServicedSession@119397cf
17:57:16.699 INFO - Handler thread for session 4f3ac2cd15a1cf3dc7f19bc8b0980ce7 (chrome): Executing POST on /session/4f3ac2cd15a1cf3dc7f19bc8b0980ce7/element (handler: ServicedSession)
17:57:16.701 INFO - To upstream: {"using":"css selector","value":"input[name=\"olyInput\"]"}
17:57:16.716 INFO - To downstream: {"sessionId":"4f3ac2cd15a1cf3dc7f19bc8b0980ce7","status":7,"value":{"message":"no such element: Unable to locate element: {\"method\":\"css selector\",\"selector\":\"input[name=\"olyInput\"]\"}\n  (Session info: chrome=63.0.3239.132)\n  (Driver info: chromedriver=2.33.506120 (e3e53437346286c0bc2d2dc9aa4915ba81d9023f),platform=Windows NT 10.0.15063 x86_64)"}}
17:57:16.724 INFO - Found handler: org.openqa.selenium.remote.server.ServicedSession@119397cf
17:57:16.724 INFO - Handler thread for session 4f3ac2cd15a1cf3dc7f19bc8b0980ce7 (chrome): Executing POST on /session/4f3ac2cd15a1cf3dc7f19bc8b0980ce7/element (handler: ServicedSession)
17:57:16.726 INFO - To upstream: {"using":"css selector","value":"input[name=\"olyInput\"]"}
17:57:16.736 INFO - To downstream: {"sessionId":"4f3ac2cd15a1cf3dc7f19bc8b0980ce7","status":7,"value":{"message":"no such element: Unable to locate element: {\"method\":\"css selector\",\"selector\":\"input[name=\"olyInput\"]\"}\n  (Session info: chrome=63.0.3239.132)\n  (Driver info: chromedriver=2.33.506120 (e3e53437346286c0bc2d2dc9aa4915ba81d9023f),platform=Windows NT 10.0.15063 x86_64)"}}
17:57:16.742 INFO - Found handler: org.openqa.selenium.remote.server.ServicedSession@119397cf
17:57:16.743 INFO - Handler thread for session 4f3ac2cd15a1cf3dc7f19bc8b0980ce7 (chrome): Executing POST on /session/4f3ac2cd15a1cf3dc7f19bc8b0980ce7/element (handler: ServicedSession)
17:57:16.746 INFO - To upstream: {"using":"css selector","value":"input[name=\"licInput\"]"}
17:57:16.770 INFO - To downstream: {"sessionId":"4f3ac2cd15a1cf3dc7f19bc8b0980ce7","status":7,"value":{"message":"no such element: Unable to locate element: {\"method\":\"css selector\",\"selector\":\"input[name=\"licInput\"]\"}\n  (Session info: chrome=63.0.3239.132)\n  (Driver info: chromedriver=2.33.506120 (e3e53437346286c0bc2d2dc9aa4915ba81d9023f),platform=Windows NT 10.0.15063 x86_64)"}}
17:57:16.779 INFO - Found handler: org.openqa.selenium.remote.server.ServicedSession@119397cf
17:57:16.779 INFO - Handler thread for session 4f3ac2cd15a1cf3dc7f19bc8b0980ce7 (chrome): Executing POST on /session/4f3ac2cd15a1cf3dc7f19bc8b0980ce7/element (handler: ServicedSession)
17:57:16.782 INFO - To upstream: {"using":"css selector","value":"input[name=\"licInput\"]"}
17:57:16.800 INFO - To downstream: {"sessionId":"4f3ac2cd15a1cf3dc7f19bc8b0980ce7","status":7,"value":{"message":"no such element: Unable to locate element: {\"method\":\"css selector\",\"selector\":\"input[name=\"licInput\"]\"}\n  (Session info: chrome=63.0.3239.132)\n  (Driver info: chromedriver=2.33.506120 (e3e53437346286c0bc2d2dc9aa4915ba81d9023f),platform=Windows NT 10.0.15063 x86_64)"}}
17:57:16.808 INFO - Found handler: org.openqa.selenium.remote.server.ServicedSession@119397cf
17:57:16.808 INFO - Handler thread for session 4f3ac2cd15a1cf3dc7f19bc8b0980ce7 (chrome): Executing POST on /session/4f3ac2cd15a1cf3dc7f19bc8b0980ce7/element (handler: ServicedSession)
17:57:16.810 INFO - To upstream: {"using":"css selector","value":"input[name=\"licInput\"]"}
17:57:16.822 INFO - To downstream: {"sessionId":"4f3ac2cd15a1cf3dc7f19bc8b0980ce7","status":7,"value":{"message":"no such element: Unable to locate element: {\"method\":\"css selector\",\"selector\":\"input[name=\"licInput\"]\"}\n  (Session info: chrome=63.0.3239.132)\n  (Driver info: chromedriver=2.33.506120 (e3e53437346286c0bc2d2dc9aa4915ba81d9023f),platform=Windows NT 10.0.15063 x86_64)"}}
17:57:16.828 INFO - Found handler: org.openqa.selenium.remote.server.ServicedSession@119397cf
17:57:16.828 INFO - Handler thread for session 4f3ac2cd15a1cf3dc7f19bc8b0980ce7 (chrome): Executing POST on /session/4f3ac2cd15a1cf3dc7f19bc8b0980ce7/element (handler: ServicedSession)
17:57:16.830 INFO - To upstream: {"using":"css selector","value":"input[name=\"lisInput\"]"}
17:57:16.851 INFO - To downstream: {"sessionId":"4f3ac2cd15a1cf3dc7f19bc8b0980ce7","status":7,"value":{"message":"no such element: Unable to locate element: {\"method\":\"css selector\",\"selector\":\"input[name=\"lisInput\"]\"}\n  (Session info: chrome=63.0.3239.132)\n  (Driver info: chromedriver=2.33.506120 (e3e53437346286c0bc2d2dc9aa4915ba81d9023f),platform=Windows NT 10.0.15063 x86_64)"}}
17:57:16.857 INFO - Found handler: org.openqa.selenium.remote.server.ServicedSession@119397cf
17:57:16.858 INFO - Handler thread for session 4f3ac2cd15a1cf3dc7f19bc8b0980ce7 (chrome): Executing POST on /session/4f3ac2cd15a1cf3dc7f19bc8b0980ce7/element (handler: ServicedSession)
17:57:16.859 INFO - To upstream: {"using":"css selector","value":"input[name=\"lisInput\"]"}
17:57:16.870 INFO - To downstream: {"sessionId":"4f3ac2cd15a1cf3dc7f19bc8b0980ce7","status":7,"value":{"message":"no such element: Unable to locate element: {\"method\":\"css selector\",\"selector\":\"input[name=\"lisInput\"]\"}\n  (Session info: chrome=63.0.3239.132)\n  (Driver info: chromedriver=2.33.506120 (e3e53437346286c0bc2d2dc9aa4915ba81d9023f),platform=Windows NT 10.0.15063 x86_64)"}}
17:57:16.876 INFO - Found handler: org.openqa.selenium.remote.server.ServicedSession@119397cf
17:57:16.876 INFO - Handler thread for session 4f3ac2cd15a1cf3dc7f19bc8b0980ce7 (chrome): Executing POST on /session/4f3ac2cd15a1cf3dc7f19bc8b0980ce7/element (handler: ServicedSession)
17:57:16.879 INFO - To upstream: {"using":"css selector","value":"input[name=\"lisInput\"]"}
17:57:16.893 INFO - To downstream: {"sessionId":"4f3ac2cd15a1cf3dc7f19bc8b0980ce7","status":7,"value":{"message":"no such element: Unable to locate element: {\"method\":\"css selector\",\"selector\":\"input[name=\"lisInput\"]\"}\n  (Session info: chrome=63.0.3239.132)\n  (Driver info: chromedriver=2.33.506120 (e3e53437346286c0bc2d2dc9aa4915ba81d9023f),platform=Windows NT 10.0.15063 x86_64)"}}
17:57:16.901 INFO - Found handler: org.openqa.selenium.remote.server.ServicedSession@119397cf
17:57:16.901 INFO - Handler thread for session 4f3ac2cd15a1cf3dc7f19bc8b0980ce7 (chrome): Executing POST on /session/4f3ac2cd15a1cf3dc7f19bc8b0980ce7/element (handler: ServicedSession)
17:57:16.904 INFO - To upstream: {"using":"css selector","value":"input[name=\"liyInput\"]"}
17:57:16.928 INFO - To downstream: {"sessionId":"4f3ac2cd15a1cf3dc7f19bc8b0980ce7","status":7,"value":{"message":"no such element: Unable to locate element: {\"method\":\"css selector\",\"selector\":\"input[name=\"liyInput\"]\"}\n  (Session info: chrome=63.0.3239.132)\n  (Driver info: chromedriver=2.33.506120 (e3e53437346286c0bc2d2dc9aa4915ba81d9023f),platform=Windows NT 10.0.15063 x86_64)"}}
17:57:16.933 INFO - Found handler: org.openqa.selenium.remote.server.ServicedSession@119397cf
17:57:16.933 INFO - Handler thread for session 4f3ac2cd15a1cf3dc7f19bc8b0980ce7 (chrome): Executing POST on /session/4f3ac2cd15a1cf3dc7f19bc8b0980ce7/element (handler: ServicedSession)
17:57:16.939 INFO - To upstream: {"using":"css selector","value":"input[name=\"liyInput\"]"}
17:57:16.951 INFO - To downstream: {"sessionId":"4f3ac2cd15a1cf3dc7f19bc8b0980ce7","status":7,"value":{"message":"no such element: Unable to locate element: {\"method\":\"css selector\",\"selector\":\"input[name=\"liyInput\"]\"}\n  (Session info: chrome=63.0.3239.132)\n  (Driver info: chromedriver=2.33.506120 (e3e53437346286c0bc2d2dc9aa4915ba81d9023f),platform=Windows NT 10.0.15063 x86_64)"}}
17:57:16.960 INFO - Found handler: org.openqa.selenium.remote.server.ServicedSession@119397cf
17:57:16.960 INFO - Handler thread for session 4f3ac2cd15a1cf3dc7f19bc8b0980ce7 (chrome): Executing POST on /session/4f3ac2cd15a1cf3dc7f19bc8b0980ce7/element (handler: ServicedSession)
17:57:16.962 INFO - To upstream: {"using":"css selector","value":"input[name=\"liyInput\"]"}
17:57:16.979 INFO - To downstream: {"sessionId":"4f3ac2cd15a1cf3dc7f19bc8b0980ce7","status":7,"value":{"message":"no such element: Unable to locate element: {\"method\":\"css selector\",\"selector\":\"input[name=\"liyInput\"]\"}\n  (Session info: chrome=63.0.3239.132)\n  (Driver info: chromedriver=2.33.506120 (e3e53437346286c0bc2d2dc9aa4915ba81d9023f),platform=Windows NT 10.0.15063 x86_64)"}}
17:57:16.986 INFO - Found handler: org.openqa.selenium.remote.server.ServicedSession@119397cf
17:57:16.987 INFO - Handler thread for session 4f3ac2cd15a1cf3dc7f19bc8b0980ce7 (chrome): Executing POST on /session/4f3ac2cd15a1cf3dc7f19bc8b0980ce7/element (handler: ServicedSession)
17:57:16.988 INFO - To upstream: {"using":"css selector","value":"button[id = \"saveBtn\"]"}
17:57:17.014 INFO - To downstream: {"sessionId":"4f3ac2cd15a1cf3dc7f19bc8b0980ce7","status":7,"value":{"message":"no such element: Unable to locate element: {\"method\":\"css selector\",\"selector\":\"button[id = \"saveBtn\"]\"}\n  (Session info: chrome=63.0.3239.132)\n  (Driver info: chromedriver=2.33.506120 (e3e53437346286c0bc2d2dc9aa4915ba81d9023f),platform=Windows NT 10.0.15063 x86_64)"}}
17:57:18.024 INFO - Found handler: org.openqa.selenium.remote.server.ServicedSession@119397cf
17:57:18.024 INFO - Handler thread for session 4f3ac2cd15a1cf3dc7f19bc8b0980ce7 (chrome): Executing POST on /session/4f3ac2cd15a1cf3dc7f19bc8b0980ce7/elements (handler: ServicedSession)
17:57:18.025 INFO - To upstream: {"using":"css selector","value":"p[id=\"validHeader\"]"}
17:57:18.042 INFO - To downstream: {"sessionId":"4f3ac2cd15a1cf3dc7f19bc8b0980ce7","status":0,"value":[]}
17:57:18.049 INFO - Found handler: org.openqa.selenium.remote.server.ServicedSession@119397cf
17:57:18.050 INFO - Handler thread for session 4f3ac2cd15a1cf3dc7f19bc8b0980ce7 (chrome): Executing DELETE on /session/4f3ac2cd15a1cf3dc7f19bc8b0980ce7 (handler: ServicedSession)
17:57:18.346 INFO - To downstream: {"sessionId":"4f3ac2cd15a1cf3dc7f19bc8b0980ce7","status":0,"value":null}
17:57:18.346 INFO - Removing session org.openqa.selenium.remote.server.ServicedSession@119397cf
